2025-07-11T01:13:15+00:00 WARN (4): [2] Undefined array key "REDIRECT_URL" (/var/www/html/application/libraries/Zend/Locale.php) [1980]
Error Code: 5444b7
Stack trace:
#0 /var/www/html/application/libraries/Zend/Locale.php(1437): Zend_Locale::_prepareLocale()
#1 /var/www/html/application/libraries/Zend/Locale.php(1201): Zend_Locale->setLocale()
#2 /var/www/html/application/libraries/Zend/Locale.php(1837): Zend_Locale->__construct()
#3 /var/www/html/application/libraries/Zend/Translate/Adapter.php(239): Zend_Locale::findLocale()
#4 /var/www/html/application/libraries/Zend/Translate/Adapter.php(178): Zend_Translate_Adapter->addTranslation(Array)
#5 /var/www/html/application/libraries/Zend/Translate/Adapter/Csv.php(70): Zend_Translate_Adapter->__construct(Array)
#6 /var/www/html/application/libraries/Zend/Translate.php(144): Zend_Translate_Adapter_Csv->__construct(Array)
#7 /var/www/html/application/libraries/Zend/Translate.php(95): Zend_Translate->setAdapter(Array)
#8 /var/www/html/install/Bootstrap.php(322): Zend_Translate->__construct(Array, '/var/www/html/install/languages', , Array)
#9 /var/www/html/application/libraries/Zend/Application/Bootstrap/BootstrapAbstract.php(681): Install_Bootstrap->_initTranslate()
#10 /var/www/html/application/libraries/Zend/Application/Bootstrap/BootstrapAbstract.php(634): Zend_Application_Bootstrap_BootstrapAbstract->_executeResource('translate')
#11 /var/www/html/application/libraries/Zend/Application/Bootstrap/BootstrapAbstract.php(598): Zend_Application_Bootstrap_BootstrapAbstract->_bootstrap('translate')
#12 /var/www/html/application/libraries/Zend/Application.php(373): Zend_Application_Bootstrap_BootstrapAbstract->bootstrap()
#13 /var/www/html/install/index.php(101): Zend_Application->bootstrap()
#14 {main}

2025-07-11T01:13:15+00:00 WARN (4): [2] Undefined array key "REDIRECT_URL" (/var/www/html/application/libraries/Zend/Locale.php) [1980]
Error Code: 51f6ea
Stack trace:
#0 /var/www/html/application/libraries/Zend/Locale.php(1437): Zend_Locale::_prepareLocale()
#1 /var/www/html/application/libraries/Zend/Locale.php(1201): Zend_Locale->setLocale()
#2 /var/www/html/application/libraries/Zend/Locale.php(1837): Zend_Locale->__construct()
#3 /var/www/html/application/libraries/Zend/Translate/Adapter.php(432): Zend_Locale::findLocale()
#4 /var/www/html/application/libraries/Zend/Translate/Adapter.php(182): Zend_Translate_Adapter->setLocale()
#5 /var/www/html/application/libraries/Zend/Translate/Adapter/Csv.php(70): Zend_Translate_Adapter->__construct(Array)
#6 /var/www/html/application/libraries/Zend/Translate.php(144): Zend_Translate_Adapter_Csv->__construct(Array)
#7 /var/www/html/application/libraries/Zend/Translate.php(95): Zend_Translate->setAdapter(Array)
#8 /var/www/html/install/Bootstrap.php(322): Zend_Translate->__construct(Array, '/var/www/html/install/languages', , Array)
#9 /var/www/html/application/libraries/Zend/Application/Bootstrap/BootstrapAbstract.php(681): Install_Bootstrap->_initTranslate()
#10 /var/www/html/application/libraries/Zend/Application/Bootstrap/BootstrapAbstract.php(634): Zend_Application_Bootstrap_BootstrapAbstract->_executeResource('translate')
#11 /var/www/html/application/libraries/Zend/Application/Bootstrap/BootstrapAbstract.php(598): Zend_Application_Bootstrap_BootstrapAbstract->_bootstrap('translate')
#12 /var/www/html/application/libraries/Zend/Application.php(373): Zend_Application_Bootstrap_BootstrapAbstract->bootstrap()
#13 /var/www/html/install/index.php(101): Zend_Application->bootstrap()
#14 {main}

2025-07-11T01:13:15+00:00 WARN (4): [2] Undefined array key "REDIRECT_URL" (/var/www/html/application/libraries/Zend/Locale.php) [1980]
Error Code: be1a8f
Stack trace:
#0 /var/www/html/application/libraries/Zend/Locale.php(1437): Zend_Locale::_prepareLocale()
#1 /var/www/html/application/libraries/Zend/Locale.php(1201): Zend_Locale->setLocale()
#2 /var/www/html/install/Bootstrap.php(332): Zend_Locale->__construct()
#3 /var/www/html/application/libraries/Zend/Application/Bootstrap/BootstrapAbstract.php(681): Install_Bootstrap->_initTranslate()
#4 /var/www/html/application/libraries/Zend/Application/Bootstrap/BootstrapAbstract.php(634): Zend_Application_Bootstrap_BootstrapAbstract->_executeResource('translate')
#5 /var/www/html/application/libraries/Zend/Application/Bootstrap/BootstrapAbstract.php(598): Zend_Application_Bootstrap_BootstrapAbstract->_bootstrap('translate')
#6 /var/www/html/application/libraries/Zend/Application.php(373): Zend_Application_Bootstrap_BootstrapAbstract->bootstrap()
#7 /var/www/html/install/index.php(101): Zend_Application->bootstrap()
#8 {main}

2025-07-11T01:13:18+00:00 WARN (4): [2] Undefined array key "REDIRECT_URL" (/var/www/html/application/libraries/Zend/Locale.php) [1980]
Error Code: 114719
Stack trace:
#0 /var/www/html/application/libraries/Zend/Locale.php(1437): Zend_Locale::_prepareLocale()
#1 /var/www/html/application/libraries/Zend/Locale.php(1201): Zend_Locale->setLocale()
#2 /var/www/html/application/libraries/Zend/Locale.php(1837): Zend_Locale->__construct()
#3 /var/www/html/application/libraries/Zend/Translate/Adapter.php(239): Zend_Locale::findLocale()
#4 /var/www/html/application/libraries/Zend/Translate/Adapter.php(178): Zend_Translate_Adapter->addTranslation(Array)
#5 /var/www/html/application/libraries/Zend/Translate/Adapter/Csv.php(70): Zend_Translate_Adapter->__construct(Array)
#6 /var/www/html/application/libraries/Zend/Translate.php(144): Zend_Translate_Adapter_Csv->__construct(Array)
#7 /var/www/html/application/libraries/Zend/Translate.php(95): Zend_Translate->setAdapter(Array)
#8 /var/www/html/install/Bootstrap.php(322): Zend_Translate->__construct(Array, '/var/www/html/install/languages', , Array)
#9 /var/www/html/application/libraries/Zend/Application/Bootstrap/BootstrapAbstract.php(681): Install_Bootstrap->_initTranslate()
#10 /var/www/html/application/libraries/Zend/Application/Bootstrap/BootstrapAbstract.php(634): Zend_Application_Bootstrap_BootstrapAbstract->_executeResource('translate')
#11 /var/www/html/application/libraries/Zend/Application/Bootstrap/BootstrapAbstract.php(598): Zend_Application_Bootstrap_BootstrapAbstract->_bootstrap('translate')
#12 /var/www/html/application/libraries/Zend/Application.php(373): Zend_Application_Bootstrap_BootstrapAbstract->bootstrap()
#13 /var/www/html/install/index.php(101): Zend_Application->bootstrap()
#14 {main}

2025-07-11T01:13:18+00:00 WARN (4): [2] Undefined array key "REDIRECT_URL" (/var/www/html/application/libraries/Zend/Locale.php) [1980]
Error Code: cbbb8c
Stack trace:
#0 /var/www/html/application/libraries/Zend/Locale.php(1437): Zend_Locale::_prepareLocale()
#1 /var/www/html/application/libraries/Zend/Locale.php(1201): Zend_Locale->setLocale()
#2 /var/www/html/application/libraries/Zend/Locale.php(1837): Zend_Locale->__construct()
#3 /var/www/html/application/libraries/Zend/Translate/Adapter.php(432): Zend_Locale::findLocale()
#4 /var/www/html/application/libraries/Zend/Translate/Adapter.php(182): Zend_Translate_Adapter->setLocale()
#5 /var/www/html/application/libraries/Zend/Translate/Adapter/Csv.php(70): Zend_Translate_Adapter->__construct(Array)
#6 /var/www/html/application/libraries/Zend/Translate.php(144): Zend_Translate_Adapter_Csv->__construct(Array)
#7 /var/www/html/application/libraries/Zend/Translate.php(95): Zend_Translate->setAdapter(Array)
#8 /var/www/html/install/Bootstrap.php(322): Zend_Translate->__construct(Array, '/var/www/html/install/languages', , Array)
#9 /var/www/html/application/libraries/Zend/Application/Bootstrap/BootstrapAbstract.php(681): Install_Bootstrap->_initTranslate()
#10 /var/www/html/application/libraries/Zend/Application/Bootstrap/BootstrapAbstract.php(634): Zend_Application_Bootstrap_BootstrapAbstract->_executeResource('translate')
#11 /var/www/html/application/libraries/Zend/Application/Bootstrap/BootstrapAbstract.php(598): Zend_Application_Bootstrap_BootstrapAbstract->_bootstrap('translate')
#12 /var/www/html/application/libraries/Zend/Application.php(373): Zend_Application_Bootstrap_BootstrapAbstract->bootstrap()
#13 /var/www/html/install/index.php(101): Zend_Application->bootstrap()
#14 {main}

2025-07-11T01:13:18+00:00 WARN (4): [2] Undefined array key "REDIRECT_URL" (/var/www/html/application/libraries/Zend/Locale.php) [1980]
Error Code: dd70b3
Stack trace:
#0 /var/www/html/application/libraries/Zend/Locale.php(1437): Zend_Locale::_prepareLocale()
#1 /var/www/html/application/libraries/Zend/Locale.php(1201): Zend_Locale->setLocale()
#2 /var/www/html/install/Bootstrap.php(332): Zend_Locale->__construct()
#3 /var/www/html/application/libraries/Zend/Application/Bootstrap/BootstrapAbstract.php(681): Install_Bootstrap->_initTranslate()
#4 /var/www/html/application/libraries/Zend/Application/Bootstrap/BootstrapAbstract.php(634): Zend_Application_Bootstrap_BootstrapAbstract->_executeResource('translate')
#5 /var/www/html/application/libraries/Zend/Application/Bootstrap/BootstrapAbstract.php(598): Zend_Application_Bootstrap_BootstrapAbstract->_bootstrap('translate')
#6 /var/www/html/application/libraries/Zend/Application.php(373): Zend_Application_Bootstrap_BootstrapAbstract->bootstrap()
#7 /var/www/html/install/index.php(101): Zend_Application->bootstrap()
#8 {main}

